<?xml version="1.0" encoding="UTF-8"?>
<testsuite xmlns:xsi="http://www.w3.org/2001/XMLSchema-instance" xsi:noNamespaceSchemaLocation="https://maven.apache.org/surefire/maven-surefire-plugin/xsd/surefire-test-report-3.0.xsd" version="3.0" name="com.nimesa.awsDemo.AwsDemoApplicationTests" time="4.496" tests="1" errors="0" skipped="0" failures="0">
  <properties>
[...]
</properties>
  <testcase name="contextLoads" classname="com.nimesa.awsDemo.AwsDemoApplicationTests" time="0.521">
    <system-out><![CDATA[21:37:22.611 [main] INFO org.springframework.test.context.support.AnnotationConfigContextLoaderUtils -- Could not detect default configuration classes for test class [com.nimesa.awsDemo.AwsDemoApplicationTests]: AwsDemoApplicationTests does not declare any static, non-private, non-final, nested classes annotated with @Configuration.
21:37:22.714 [main] INFO org.springframework.boot.test.context.SpringBootTestContextBootstrapper -- Found @SpringBootConfiguration com.nimesa.awsDemo.AwsDemoApplication for test class com.nimesa.awsDemo.AwsDemoApplicationTests
  .   ____          _            __ _ _
 /\\ / ___'_ __ _ _(_)_ __  __ _ \ \ \ \
( ( )\___ | '_ | '_| | '_ \/ _` | \ \ \ \
 \\/  ___)| |_)| | | | | || (_| |  ) ) ) )
  '  |____| .__|_| |_|_| |_\__, | / / / /
 =========|_|==============|___/=/_/_/_/

 :: Spring Boot ::                (v3.3.0)

2024-05-29T21:37:23.137+05:30  INFO 19976 --- [awsDemo] [           main] c.n.awsDemo.AwsDemoApplicationTests      : Starting AwsDemoApplicationTests using Java 17.0.11 with PID 19976 (started by adish in D:\java project\awsDemo)
2024-05-29T21:37:23.138+05:30  INFO 19976 --- [awsDemo] [           main] c.n.awsDemo.AwsDemoApplicationTests      : No active profile set, falling back to 1 default profile: "default"
2024-05-29T21:37:23.802+05:30  INFO 19976 --- [awsDemo] [           main] .s.d.r.c.RepositoryConfigurationDelegate : Bootstrapping Spring Data JPA repositories in DEFAULT mode.
2024-05-29T21:37:23.822+05:30  INFO 19976 --- [awsDemo] [           main] .s.d.r.c.RepositoryConfigurationDelegate : Finished Spring Data repository scanning in 12 ms. Found 0 JPA repository interfaces.
2024-05-29T21:37:24.268+05:30  INFO 19976 --- [awsDemo] [           main] com.zaxxer.hikari.HikariDataSource       : HikariPool-1 - Starting...
2024-05-29T21:37:24.471+05:30  INFO 19976 --- [awsDemo] [           main] com.zaxxer.hikari.pool.HikariPool        : HikariPool-1 - Added connection conn0: url=jdbc:h2:mem:testdb user=SA
2024-05-29T21:37:24.473+05:30  INFO 19976 --- [awsDemo] [           main] com.zaxxer.hikari.HikariDataSource       : HikariPool-1 - Start completed.
2024-05-29T21:37:24.535+05:30  INFO 19976 --- [awsDemo] [           main] o.hibernate.jpa.internal.util.LogHelper  : HHH000204: Processing PersistenceUnitInfo [name: default]
2024-05-29T21:37:24.590+05:30  INFO 19976 --- [awsDemo] [           main] org.hibernate.Version                    : HHH000412: Hibernate ORM core version 6.5.2.Final
2024-05-29T21:37:24.620+05:30  INFO 19976 --- [awsDemo] [           main] o.h.c.internal.RegionFactoryInitiator    : HHH000026: Second-level cache disabled
2024-05-29T21:37:25.021+05:30  INFO 19976 --- [awsDemo] [           main] o.s.o.j.p.SpringPersistenceUnitInfo      : No LoadTimeWeaver setup: ignoring JPA class transformer
2024-05-29T21:37:25.075+05:30  WARN 19976 --- [awsDemo] [           main] org.hibernate.orm.deprecation            : HHH90000025: H2Dialect does not need to be specified explicitly using 'hibernate.dialect' (remove the property setting and it will be selected by default)
2024-05-29T21:37:25.702+05:30  INFO 19976 --- [awsDemo] [           main] o.h.e.t.j.p.i.JtaPlatformInitiator       : HHH000489: No JTA platform available (set 'hibernate.transaction.jta.platform' to enable JTA platform integration)
2024-05-29T21:37:25.741+05:30  INFO 19976 --- [awsDemo] [           main] j.LocalContainerEntityManagerFactoryBean : Initialized JPA EntityManagerFactory for persistence unit 'default'
2024-05-29T21:37:25.921+05:30  WARN 19976 --- [awsDemo] [           main] JpaBaseConfiguration$JpaWebConfiguration : spring.jpa.open-in-view is enabled by default. Therefore, database queries may be performed during view rendering. Explicitly configure spring.jpa.open-in-view to disable this warning
2024-05-29T21:37:26.403+05:30  INFO 19976 --- [awsDemo] [           main] c.n.awsDemo.AwsDemoApplicationTests      : Started AwsDemoApplicationTests in 3.528 seconds (process running for 4.512)
]]></system-out>
  </testcase>
</testsuite>